<?xml version="1.0" encoding="UTF-8"?>
<testsuite name="AreaOfShapeTest" tests="2" skipped="0" failures="0" errors="0" timestamp="2022-03-10T10:47:02" hostname="Sheetals-MacBook-Pro.local" time="0.026">
  <properties/>
  <testcase name="AreaOfRectangleWithLength4AndBreadth5is20()" classname="AreaOfShapeTest" time="0.024"/>
  <testcase name="AreaOfRectangleWithLength45AndBreadth20is900()" classname="AreaOfShapeTest" time="0.001"/>
  <system-out><![CDATA[]]></system-out>
  <system-err><![CDATA[]]></system-err>
</testsuite>
